<?xml version="1.0" encoding="UTF-8"?>
<!-- Generated by org.testng.reporters.JUnitReportReporter -->
<testsuite skipped="0" hostname="BDC6-DX-37WSDV2" name="Package_1.Hello_World" tests="1" failures="0" timestamp="2019-09-25T10:29:46 IST" time="0.005" errors="0">
  <testcase name="test" time="0.005" classname="Package_1.Hello_World"/>
</testsuite> <!-- Package_1.Hello_World -->
